{
  "RSpec": {
    "coverage": {
      "/Users/Rhys/Projects/afternoon-challenges/week4/bookmark-manager2/spec/bookmarks_spec.rb": [
        null,
        null,
        1,
        null,
        1,
        1,
        null,
        1,
        1,
        null,
        1,
        1,
        1,
        null,
        1,
        null,
        1,
        1,
        1,
        null,
        null,
        null
      ],
      "/Users/Rhys/Projects/afternoon-challenges/week4/bookmark-manager2/spec/features/features_spec.rb": [
        null,
        null,
        1,
        1,
        1,
        1,
        1,
        1,
        1,
        null,
        null
      ]
    },
    "timestamp": 1560875450
  }
}
