{
  "RSpec": {
    "coverage": {
      "/Users/ajosephides/Documents/Makers/week4/bookmark_manager/spec/bookmarks_spec.rb": [
        1,
        null,
        1,
        1,
        null,
        1,
        null,
        1,
        1,
        null,
        null,
        1,
        1,
        1,
        1,
        null,
        null,
        null
      ],
      "/Users/ajosephides/Documents/Makers/week4/bookmark_manager/spec/features/features_spec.rb": [
        1,
        1,
        1,
        1,
        1,
        1,
        1,
        null,
        null
      ]
    },
    "timestamp": 1560785012
  }
}
